app/build/intermediates/manifest_merge_blame_file/debug/manifest-merger-blame-debug-report.txt
1<?xml version="1.0" encoding="utf-8"?>
2<manifest xmlns:android="http://schemas.android.com/apk/res/android"
3    package="com.example.xr_phone"
4    android:versionCode="1"
5    android:versionName="1.0" >
6
7    <uses-sdk
8        android:minSdkVersion="29"
8-->src\main\AndroidManifest.xml
9        android:targetSdkVersion="31" />
9-->src\main\AndroidManifest.xml
10
11    <uses-permission android:name="android.permission.INTERNET" />
11-->src\main\AndroidManifest.xml:5:5-67
11-->src\main\AndroidManifest.xml:5:22-64
12
13    <application
13-->src\main\AndroidManifest.xml:7:5-47:19
14        android:allowBackup="true"
14-->src\main\AndroidManifest.xml:8:9-35
15        android:appComponentFactory="androidx.core.app.CoreComponentFactory"
15-->[androidx.core:core:1.3.2] AndroidManifest.xml:24:18-86
16        android:debuggable="true"
17        android:extractNativeLibs="false"
18        android:icon="@mipmap/ic_launcher"
18-->src\main\AndroidManifest.xml:9:9-43
19        android:label="@string/app_name"
19-->src\main\AndroidManifest.xml:10:9-41
20        android:roundIcon="@mipmap/ic_launcher_round"
20-->src\main\AndroidManifest.xml:11:9-54
21        android:supportsRtl="true"
21-->src\main\AndroidManifest.xml:12:9-35
22        android:testOnly="true"
23        android:theme="@style/Theme.XR_Phone" >
23-->src\main\AndroidManifest.xml:13:9-46
24        <activity
24-->src\main\AndroidManifest.xml:14:9-16:40
25            android:name="com.example.xr_phone.activity_transition_xroad"
25-->src\main\AndroidManifest.xml:15:13-54
26            android:exported="false" />
26-->src\main\AndroidManifest.xml:16:13-37
27        <activity
27-->src\main\AndroidManifest.xml:17:9-19:40
28            android:name="com.example.xr_phone.InGameActivity"
28-->src\main\AndroidManifest.xml:18:13-43
29            android:exported="false" />
29-->src\main\AndroidManifest.xml:19:13-37
30        <activity
30-->src\main\AndroidManifest.xml:20:9-24:65
31            android:name="com.example.xr_phone.activity_in_game"
31-->src\main\AndroidManifest.xml:21:13-45
32            android:exported="false"
32-->src\main\AndroidManifest.xml:22:13-37
33            android:label="@string/title_activity_in_game"
33-->src\main\AndroidManifest.xml:23:13-59
34            android:theme="@style/Theme.XR_Phone.NoActionBar" />
34-->src\main\AndroidManifest.xml:24:13-62
35        <activity
35-->src\main\AndroidManifest.xml:25:9-28:59
36            android:name="com.example.xr_phone.DevModeActivity"
36-->src\main\AndroidManifest.xml:26:13-44
37            android:exported="false"
37-->src\main\AndroidManifest.xml:27:13-37
38            android:parentActivityName="com.example.xr_phone.LobbyActivity" />
38-->src\main\AndroidManifest.xml:28:13-56
39        <activity
39-->src\main\AndroidManifest.xml:29:9-32:54
40            android:name="com.example.xr_phone.LobbyActivity"
40-->src\main\AndroidManifest.xml:30:13-42
41            android:exported="false"
41-->src\main\AndroidManifest.xml:31:13-37
42            android:label="@string/lobby_activity" />
42-->src\main\AndroidManifest.xml:32:13-51
43        <activity
43-->src\main\AndroidManifest.xml:33:9-37:58
44            android:name="com.example.xr_phone.ConnectActivity"
44-->src\main\AndroidManifest.xml:34:13-44
45            android:exported="false"
45-->src\main\AndroidManifest.xml:35:13-37
46            android:label="@string/connect_activity"
46-->src\main\AndroidManifest.xml:36:13-53
47            android:parentActivityName="com.example.xr_phone.MainActivity" />
47-->src\main\AndroidManifest.xml:37:13-55
48        <activity
48-->src\main\AndroidManifest.xml:38:9-46:20
49            android:name="com.example.xr_phone.MainActivity"
49-->src\main\AndroidManifest.xml:39:13-41
50            android:exported="true" >
50-->src\main\AndroidManifest.xml:40:13-36
51            <intent-filter>
51-->src\main\AndroidManifest.xml:41:13-45:29
52                <action android:name="android.intent.action.MAIN" />
52-->src\main\AndroidManifest.xml:42:17-69
52-->src\main\AndroidManifest.xml:42:25-66
53
54                <category android:name="android.intent.category.LAUNCHER" />
54-->src\main\AndroidManifest.xml:44:17-77
54-->src\main\AndroidManifest.xml:44:27-74
55            </intent-filter>
56        </activity>
57    </application>
58
59</manifest>